<?xml version="1.0" encoding="UTF-8"?>
<testng-results skipped="0" failed="0" ignored="0" total="1" passed="1">
  <reporter-output>
    <line>
      <![CDATA[7 results have been found.]]>
    </line>
  </reporter-output>
  <suite name="Suite" duration-ms="23065" started-at="2017-01-26T15:47:44Z" finished-at="2017-01-26T15:48:07Z">
    <groups>
    </groups>
    <test name="Test" duration-ms="23065" started-at="2017-01-26T15:47:44Z" finished-at="2017-01-26T15:48:07Z">
      <class name="testcases.Search">
        <test-method status="PASS" signature="initialize(java.lang.String)[pri:0, instance:testcases.Search@457e2f02]" name="initialize" is-config="true" duration-ms="15698" started-at="2017-01-26T07:47:44Z" finished-at="2017-01-26T07:48:00Z">
          <params>
            <param index="0">
              <value>
                <![CDATA[Chrome]]>
              </value>
            </param>
          </params>
          <reporter-output>
          </reporter-output>
        </test-method> <!-- initialize -->
        <test-method status="PASS" signature="searchForDress()[pri:0, instance:testcases.Search@457e2f02]" name="searchForDress" duration-ms="5095" started-at="2017-01-26T07:48:00Z" finished-at="2017-01-26T07:48:05Z">
          <reporter-output>
            <line>
              <![CDATA[7 results have been found.]]>
            </line>
          </reporter-output>
        </test-method> <!-- searchForDress -->
        <test-method status="PASS" signature="tearDown()[pri:0, instance:testcases.Search@457e2f02]" name="tearDown" is-config="true" duration-ms="2077" started-at="2017-01-26T07:48:05Z" finished-at="2017-01-26T07:48:07Z">
          <reporter-output>
          </reporter-output>
        </test-method> <!-- tearDown -->
      </class> <!-- testcases.Search -->
    </test> <!-- Test -->
  </suite> <!-- Suite -->
</testng-results>
